d:\visualstudio2017ide\workspace\studentadmin\studentadmin\debug\studentadmin.pch
d:\visualstudio2017ide\workspace\studentadmin\studentadmin\debug\vc141.pdb
d:\visualstudio2017ide\workspace\studentadmin\studentadmin\debug\vc141.idb
d:\visualstudio2017ide\workspace\studentadmin\studentadmin\debug\stdafx.obj
d:\visualstudio2017ide\workspace\studentadmin\studentadmin\debug\viewtree.obj
d:\visualstudio2017ide\workspace\studentadmin\studentadmin\debug\studialog.obj
d:\visualstudio2017ide\workspace\studentadmin\studentadmin\debug\studentadminview.obj
d:\visualstudio2017ide\workspace\studentadmin\studentadmin\debug\studentadmindoc.obj
d:\visualstudio2017ide\workspace\studentadmin\studentadmin\debug\studentadmin.obj
d:\visualstudio2017ide\workspace\studentadmin\studentadmin\debug\propertieswnd.obj
d:\visualstudio2017ide\workspace\studentadmin\studentadmin\debug\outputwnd.obj
d:\visualstudio2017ide\workspace\studentadmin\studentadmin\debug\mainfrm.obj
d:\visualstudio2017ide\workspace\studentadmin\studentadmin\debug\fileview.obj
d:\visualstudio2017ide\workspace\studentadmin\studentadmin\debug\classview.obj
d:\visualstudio2017ide\workspace\studentadmin\studentadmin\debug\childfrm.obj
d:\visualstudio2017ide\workspace\studentadmin\debug\studentadmin.ilk
d:\visualstudio2017ide\workspace\studentadmin\debug\studentadmin.exe
d:\visualstudio2017ide\workspace\studentadmin\debug\studentadmin.pdb
d:\visualstudio2017ide\workspace\studentadmin\studentadmin\debug\studentadmin.res
d:\visualstudio2017ide\workspace\studentadmin\studentadmin\debug\studentadmin.tlog\cl.command.1.tlog
d:\visualstudio2017ide\workspace\studentadmin\studentadmin\debug\studentadmin.tlog\cl.read.1.tlog
d:\visualstudio2017ide\workspace\studentadmin\studentadmin\debug\studentadmin.tlog\cl.write.1.tlog
d:\visualstudio2017ide\workspace\studentadmin\studentadmin\debug\studentadmin.tlog\link.command.1.tlog
d:\visualstudio2017ide\workspace\studentadmin\studentadmin\debug\studentadmin.tlog\link.read.1.tlog
d:\visualstudio2017ide\workspace\studentadmin\studentadmin\debug\studentadmin.tlog\link.write.1.tlog
d:\visualstudio2017ide\workspace\studentadmin\studentadmin\debug\studentadmin.tlog\rc.command.1.tlog
d:\visualstudio2017ide\workspace\studentadmin\studentadmin\debug\studentadmin.tlog\rc.read.1.tlog
d:\visualstudio2017ide\workspace\studentadmin\studentadmin\debug\studentadmin.tlog\rc.write.1.tlog
